<?xml version="1.0" encoding="UTF-8"?>
<!-- Generated by org.testng.reporters.JUnitXMLReporter -->
<testsuite ignored="0" hostname="Surfaxx" failures="0" tests="3" name="Default test" time="17.263" errors="0" timestamp="2023-01-22T20:55:03 IST">
  <testcase classname="tickertapeFW.landingPage" name="backToHomeTextdisplayTest" time="1.731"/>
  <testcase classname="tickertapeFW.landingPage" name="SearchBoxDisplayTest" time="0.289"/>
  <testcase classname="tickertapeFW.landingPage" name="searchBoxFunctionalityTest" time="0.291"/>
</testsuite> <!-- Default test -->
